<?xml version="1.0" encoding="UTF-8"?>
<testsuite name="TestTriangle.TestTriangles-20230208162652" tests="3" file="TestTriangle.py" time="0.004" timestamp="2023-02-08T16:26:52" failures="3" errors="0" skipped="0">
	<testcase classname="TestTriangle.TestTriangles" name="testEquilateralTriangles" time="0.003" timestamp="2023-02-08T16:26:52" file="TestTriangle.py" line="28">
		<failure type="AssertionError" message="'InvalidInput' != 'Equilateral'
- InvalidInput
+ Equilateral
 : 1,1,1 should be equilateral"><![CDATA[Traceback (most recent call last):
  File "/Users/sagarhedaoo/Desktop/Triangles-Testing/TestTriangle.py", line 29, in testEquilateralTriangles
    self.assertEqual(classifyTriangle(1,1,1),'Equilateral','1,1,1 should be equilateral')
AssertionError: 'InvalidInput' != 'Equilateral'
- InvalidInput
+ Equilateral
 : 1,1,1 should be equilateral
]]></failure>
	</testcase>
	<testcase classname="TestTriangle.TestTriangles" name="testRightTriangleA" time="0.000" timestamp="2023-02-08T16:26:52" file="TestTriangle.py" line="22">
		<failure type="AssertionError" message="'InvalidInput' != 'Right'
- InvalidInput
+ Right
 : 3,4,5 is a Right triangle"><![CDATA[Traceback (most recent call last):
  File "/Users/sagarhedaoo/Desktop/Triangles-Testing/TestTriangle.py", line 23, in testRightTriangleA
    self.assertEqual(classifyTriangle(3,4,5),'Right','3,4,5 is a Right triangle')
AssertionError: 'InvalidInput' != 'Right'
- InvalidInput
+ Right
 : 3,4,5 is a Right triangle
]]></failure>
	</testcase>
	<testcase classname="TestTriangle.TestTriangles" name="testRightTriangleB" time="0.000" timestamp="2023-02-08T16:26:52" file="TestTriangle.py" line="25">
		<failure type="AssertionError" message="'InvalidInput' != 'Right'
- InvalidInput
+ Right
 : 5,3,4 is a Right triangle"><![CDATA[Traceback (most recent call last):
  File "/Users/sagarhedaoo/Desktop/Triangles-Testing/TestTriangle.py", line 26, in testRightTriangleB
    self.assertEqual(classifyTriangle(5,3,4),'Right','5,3,4 is a Right triangle')
AssertionError: 'InvalidInput' != 'Right'
- InvalidInput
+ Right
 : 5,3,4 is a Right triangle
]]></failure>
	</testcase>
</testsuite>
